
thg 5 28, 2022 13:38:14.43 NEW SESSION
thg 5 28, 2022 13:38:14.43 [12960:4608:0528/133814.041:ERROR:device_event_log_impl.cc(214)] [13:38:14.041] USB: usb_device_handle_win.cc:1048 Failed to read descriptor from node connection: A device attached to the system is not functioning. (0x1F)
thg 5 28, 2022 13:38:14.45 [12960:4608:0528/133814.045:ERROR:device_event_log_impl.cc(214)] [13:38:14.046] USB: usb_device_handle_win.cc:1048 Failed to read descriptor from node connection: A device attached to the system is not functioning. (0x1F)
thg 5 28, 2022 13:39:11.977 [12960:7308:0528/133911.976:ERROR:util.cc(127)] Can't create base directory: C:\Program Files\Google\GoogleUpdater
thg 5 28, 2022 13:50:32.364 [3052:11320:0528/135032.363:ERROR:device_event_log_impl.cc(214)] [13:50:32.363] USB: usb_device_handle_win.cc:1048 Failed to read descriptor from node connection: A device attached to the system is not functioning. (0x1F)
thg 5 28, 2022 13:50:32.367 [3052:11320:0528/135032.367:ERROR:device_event_log_impl.cc(214)] [13:50:32.367] USB: usb_device_handle_win.cc:1048 Failed to read descriptor from node connection: A device attached to the system is not functioning. (0x1F)
thg 5 28, 2022 13:55:58.350 [12860:8948:0528/135558.350:ERROR:device_event_log_impl.cc(214)] [13:55:58.350] USB: usb_device_handle_win.cc:1048 Failed to read descriptor from node connection: A device attached to the system is not functioning. (0x1F)
thg 5 28, 2022 13:55:58.354 [12860:8948:0528/135558.354:ERROR:device_event_log_impl.cc(214)] [13:55:58.354] USB: usb_device_handle_win.cc:1048 Failed to read descriptor from node connection: A device attached to the system is not functioning. (0x1F)
thg 5 28, 2022 13:56:55.686 [12860:12284:0528/135655.686:ERROR:util.cc(127)] Can't create base directory: C:\Program Files\Google\GoogleUpdater
thg 5 28, 2022 14:09:07.122 [12860:8948:0528/140907.121:ERROR:device_event_log_impl.cc(214)] [14:09:07.121] USB: usb_service_win.cc:104 SetupDiGetDeviceProperty({{A45C254E-DF1C-4EFD-8020-67D146A850E0}, 6}) failed: Element not found. (0x490)
thg 5 28, 2022 14:17:42.630 [12860:8948:0528/141742.628:ERROR:interface_endpoint_client.cc(665)] Message 0 rejected by interface blink.mojom.WidgetHost
thg 5 28, 2022 14:20:42.429 [12860:8948:0528/142042.428:ERROR:interface_endpoint_client.cc(665)] Message 0 rejected by interface blink.mojom.WidgetHost
thg 5 28, 2022 15:16:24.353 [12860:8948:0528/151624.352:ERROR:interface_endpoint_client.cc(665)] Message 1 rejected by interface blink.mojom.WidgetHost
thg 5 28, 2022 15:36:27.924 [12860:8948:0528/153627.924:ERROR:interface_endpoint_client.cc(665)] Message 5 rejected by interface blink.mojom.WidgetHost
thg 5 28, 2022 16:17:01.906 [9732:4608:0528/161701.906:ERROR:device_event_log_impl.cc(214)] [16:17:01.905] USB: usb_device_handle_win.cc:1048 Failed to read descriptor from node connection: A device attached to the system is not functioning. (0x1F)
thg 5 28, 2022 16:17:01.911 [9732:4608:0528/161701.910:ERROR:device_event_log_impl.cc(214)] [16:17:01.910] USB: usb_device_handle_win.cc:1048 Failed to read descriptor from node connection: A device attached to the system is not functioning. (0x1F)
thg 5 28, 2022 16:17:59.714 [9732:10372:0528/161759.714:ERROR:util.cc(127)] Can't create base directory: C:\Program Files\Google\GoogleUpdater
thg 5 28, 2022 16:28:06.668 [9732:4608:0528/162806.667:ERROR:device_event_log_impl.cc(214)] [16:28:06.666] USB: usb_service_win.cc:104 SetupDiGetDeviceProperty({{A45C254E-DF1C-4EFD-8020-67D146A850E0}, 6}) failed: Element not found. (0x490)
thg 5 28, 2022 16:32:01.547 [8976:7080:0528/163201.547:ERROR:device_event_log_impl.cc(214)] [16:32:01.547] USB: usb_device_handle_win.cc:1048 Failed to read descriptor from node connection: A device attached to the system is not functioning. (0x1F)
thg 5 28, 2022 16:32:01.552 [8976:7080:0528/163201.552:ERROR:device_event_log_impl.cc(214)] [16:32:01.552] USB: usb_device_handle_win.cc:1048 Failed to read descriptor from node connection: A device attached to the system is not functioning. (0x1F)
thg 5 28, 2022 16:32:59.380 [8976:7064:0528/163259.379:ERROR:util.cc(127)] Can't create base directory: C:\Program Files\Google\GoogleUpdater
thg 5 28, 2022 17:08:05.548 [8976:7080:0528/170805.548:ERROR:device_event_log_impl.cc(214)] [17:08:05.547] USB: usb_service_win.cc:104 SetupDiGetDeviceProperty({{A45C254E-DF1C-4EFD-8020-67D146A850E0}, 6}) failed: Element not found. (0x490)

thg 5 30, 2022 15:40:28.315 NEW SESSION
thg 5 30, 2022 15:40:28.315 [11324:16088:0530/154028.307:ERROR:device_event_log_impl.cc(214)] [15:40:28.307] USB: usb_device_handle_win.cc:1048 Failed to read descriptor from node connection: A device attached to the system is not functioning. (0x1F)
thg 5 30, 2022 15:40:28.316 [11324:16088:0530/154028.313:ERROR:device_event_log_impl.cc(214)] [15:40:28.313] USB: usb_device_handle_win.cc:1048 Failed to read descriptor from node connection: A device attached to the system is not functioning. (0x1F)
thg 5 30, 2022 15:41:17.222 [11324:16088:0530/154117.221:ERROR:interface_endpoint_client.cc(665)] Message 1 rejected by interface blink.mojom.WidgetHost
thg 5 30, 2022 15:41:24.07 [11324:16088:0530/154124.006:ERROR:interface_endpoint_client.cc(665)] Message 1 rejected by interface blink.mojom.WidgetHost
thg 5 30, 2022 15:41:25.625 [11324:18388:0530/154125.625:ERROR:util.cc(127)] Can't create base directory: C:\Program Files\Google\GoogleUpdater
thg 5 30, 2022 15:43:14.144 [11324:16088:0530/154314.144:ERROR:interface_endpoint_client.cc(665)] Message 0 rejected by interface blink.mojom.WidgetHost
thg 5 30, 2022 16:30:40.674 [11324:16088:0530/163040.674:ERROR:interface_endpoint_client.cc(665)] Message 1 rejected by interface blink.mojom.WidgetHost
thg 5 30, 2022 16:45:35.524 [11324:16088:0530/164535.523:ERROR:device_event_log_impl.cc(214)] [16:45:35.523] USB: usb_service_win.cc:104 SetupDiGetDeviceProperty({{A45C254E-DF1C-4EFD-8020-67D146A850E0}, 6}) failed: Element not found. (0x490)
thg 5 30, 2022 16:56:19.457 [14112:18212:0530/165619.457:ERROR:device_event_log_impl.cc(214)] [16:56:19.457] USB: usb_device_handle_win.cc:1048 Failed to read descriptor from node connection: A device attached to the system is not functioning. (0x1F)
thg 5 30, 2022 16:56:19.462 [14112:18212:0530/165619.462:ERROR:device_event_log_impl.cc(214)] [16:56:19.461] USB: usb_device_handle_win.cc:1048 Failed to read descriptor from node connection: A device attached to the system is not functioning. (0x1F)
thg 5 30, 2022 16:57:17.382 [14112:11464:0530/165717.382:ERROR:util.cc(127)] Can't create base directory: C:\Program Files\Google\GoogleUpdater
thg 5 30, 2022 16:58:56.80 [16812:14692:0530/165856.079:ERROR:device_event_log_impl.cc(214)] [16:58:56.079] USB: usb_device_handle_win.cc:1048 Failed to read descriptor from node connection: A device attached to the system is not functioning. (0x1F)
thg 5 30, 2022 16:58:56.84 [16812:14692:0530/165856.083:ERROR:device_event_log_impl.cc(214)] [16:58:56.083] USB: usb_device_handle_win.cc:1048 Failed to read descriptor from node connection: A device attached to the system is not functioning. (0x1F)
thg 5 30, 2022 16:59:53.692 [16812:14916:0530/165953.692:ERROR:util.cc(127)] Can't create base directory: C:\Program Files\Google\GoogleUpdater
thg 5 30, 2022 17:04:36.866 [17392:15656:0530/170436.866:ERROR:device_event_log_impl.cc(214)] [17:04:36.866] USB: usb_device_handle_win.cc:1048 Failed to read descriptor from node connection: A device attached to the system is not functioning. (0x1F)
thg 5 30, 2022 17:04:36.869 [17392:15656:0530/170436.869:ERROR:device_event_log_impl.cc(214)] [17:04:36.869] USB: usb_device_handle_win.cc:1048 Failed to read descriptor from node connection: A device attached to the system is not functioning. (0x1F)
thg 5 30, 2022 17:05:25.798 [10204:14972:0530/170525.798:ERROR:interface_endpoint_client.cc(665)] Message 0 rejected by interface blink.mojom.WidgetHost
thg 5 30, 2022 17:05:26.868 [10204:14972:0530/170526.868:ERROR:device_event_log_impl.cc(214)] [17:05:26.868] USB: usb_device_handle_win.cc:1048 Failed to read descriptor from node connection: A device attached to the system is not functioning. (0x1F)
thg 5 30, 2022 17:05:26.873 [10204:14972:0530/170526.873:ERROR:device_event_log_impl.cc(214)] [17:05:26.873] USB: usb_device_handle_win.cc:1048 Failed to read descriptor from node connection: A device attached to the system is not functioning. (0x1F)
thg 5 30, 2022 17:05:33.368 [6644:14948:0530/170533.368:ERROR:device_event_log_impl.cc(214)] [17:05:33.367] USB: usb_device_handle_win.cc:1048 Failed to read descriptor from node connection: A device attached to the system is not functioning. (0x1F)
thg 5 30, 2022 17:05:33.371 [6644:14948:0530/170533.371:ERROR:device_event_log_impl.cc(214)] [17:05:33.371] USB: usb_device_handle_win.cc:1048 Failed to read descriptor from node connection: A device attached to the system is not functioning. (0x1F)
thg 5 30, 2022 17:06:00.765 [15136:6948:0530/170600.765:ERROR:device_event_log_impl.cc(214)] [17:06:00.765] USB: usb_device_handle_win.cc:1048 Failed to read descriptor from node connection: A device attached to the system is not functioning. (0x1F)
thg 5 30, 2022 17:06:00.768 [15136:6948:0530/170600.768:ERROR:device_event_log_impl.cc(214)] [17:06:00.768] USB: usb_device_handle_win.cc:1048 Failed to read descriptor from node connection: A device attached to the system is not functioning. (0x1F)
thg 5 30, 2022 17:06:39.39 [10292:17444:0530/170639.039:ERROR:device_event_log_impl.cc(214)] [17:06:39.038] USB: usb_device_handle_win.cc:1048 Failed to read descriptor from node connection: A device attached to the system is not functioning. (0x1F)
thg 5 30, 2022 17:06:39.43 [10292:17444:0530/170639.042:ERROR:device_event_log_impl.cc(214)] [17:06:39.042] USB: usb_device_handle_win.cc:1048 Failed to read descriptor from node connection: A device attached to the system is not functioning. (0x1F)
thg 5 30, 2022 17:07:36.283 [10292:14156:0530/170736.283:ERROR:util.cc(127)] Can't create base directory: C:\Program Files\Google\GoogleUpdater
thg 5 30, 2022 17:34:03.834 [11792:1012:0530/173403.834:ERROR:device_event_log_impl.cc(214)] [17:34:03.834] USB: usb_device_handle_win.cc:1048 Failed to read descriptor from node connection: A device attached to the system is not functioning. (0x1F)
thg 5 30, 2022 17:34:03.839 [11792:1012:0530/173403.839:ERROR:device_event_log_impl.cc(214)] [17:34:03.838] USB: usb_device_handle_win.cc:1048 Failed to read descriptor from node connection: A device attached to the system is not functioning. (0x1F)
thg 5 30, 2022 17:35:01.767 [11792:648:0530/173501.767:ERROR:util.cc(127)] Can't create base directory: C:\Program Files\Google\GoogleUpdater
thg 5 30, 2022 17:39:31.991 [11792:1012:0530/173931.991:ERROR:device_event_log_impl.cc(214)] [17:39:31.991] USB: usb_service_win.cc:104 SetupDiGetDeviceProperty({{A45C254E-DF1C-4EFD-8020-67D146A850E0}, 6}) failed: Element not found. (0x490)

thg 5 31, 2022 10:42:00.302 NEW SESSION
thg 5 31, 2022 10:42:00.302 [6956:3240:0531/104200.299:ERROR:device_event_log_impl.cc(214)] [10:42:00.299] USB: usb_device_handle_win.cc:1048 Failed to read descriptor from node connection: A device attached to the system is not functioning. (0x1F)
thg 5 31, 2022 10:42:00.305 [6956:3240:0531/104200.304:ERROR:device_event_log_impl.cc(214)] [10:42:00.304] USB: usb_device_handle_win.cc:1048 Failed to read descriptor from node connection: A device attached to the system is not functioning. (0x1F)
thg 5 31, 2022 10:42:58.173 [6956:10860:0531/104258.173:ERROR:util.cc(127)] Can't create base directory: C:\Program Files\Google\GoogleUpdater
thg 5 31, 2022 10:45:46.29 [11148:16164:0531/104546.028:ERROR:device_event_log_impl.cc(214)] [10:45:46.028] USB: usb_device_handle_win.cc:1048 Failed to read descriptor from node connection: A device attached to the system is not functioning. (0x1F)
thg 5 31, 2022 10:45:46.33 [11148:16164:0531/104546.033:ERROR:device_event_log_impl.cc(214)] [10:45:46.033] USB: usb_device_handle_win.cc:1048 Failed to read descriptor from node connection: A device attached to the system is not functioning. (0x1F)
thg 5 31, 2022 10:46:43.904 [11148:11300:0531/104643.903:ERROR:util.cc(127)] Can't create base directory: C:\Program Files\Google\GoogleUpdater
thg 5 31, 2022 10:52:35.371 [10768:15504:0531/105235.371:ERROR:device_event_log_impl.cc(214)] [10:52:35.373] USB: usb_device_handle_win.cc:1048 Failed to read descriptor from node connection: A device attached to the system is not functioning. (0x1F)
thg 5 31, 2022 10:52:35.379 [10768:15504:0531/105235.379:ERROR:device_event_log_impl.cc(214)] [10:52:35.378] USB: usb_device_handle_win.cc:1048 Failed to read descriptor from node connection: A device attached to the system is not functioning. (0x1F)
thg 5 31, 2022 10:54:48.922 [15012:15952:0531/105448.921:ERROR:device_event_log_impl.cc(214)] [10:54:48.921] USB: usb_device_handle_win.cc:1048 Failed to read descriptor from node connection: A device attached to the system is not functioning. (0x1F)
thg 5 31, 2022 10:54:48.925 [15012:15952:0531/105448.925:ERROR:device_event_log_impl.cc(214)] [10:54:48.925] USB: usb_device_handle_win.cc:1048 Failed to read descriptor from node connection: A device attached to the system is not functioning. (0x1F)
thg 5 31, 2022 10:55:46.762 [15012:18400:0531/105546.761:ERROR:util.cc(127)] Can't create base directory: C:\Program Files\Google\GoogleUpdater
thg 5 31, 2022 10:58:16.308 [17064:7000:0531/105816.308:ERROR:device_event_log_impl.cc(214)] [10:58:16.308] USB: usb_device_handle_win.cc:1048 Failed to read descriptor from node connection: A device attached to the system is not functioning. (0x1F)
thg 5 31, 2022 10:58:16.314 [17064:7000:0531/105816.314:ERROR:device_event_log_impl.cc(214)] [10:58:16.314] USB: usb_device_handle_win.cc:1048 Failed to read descriptor from node connection: A device attached to the system is not functioning. (0x1F)
thg 5 31, 2022 10:58:54.568 [9560:16356:0531/105854.567:ERROR:device_event_log_impl.cc(214)] [10:58:54.568] USB: usb_device_handle_win.cc:1048 Failed to read descriptor from node connection: A device attached to the system is not functioning. (0x1F)
thg 5 31, 2022 10:58:54.573 [9560:16356:0531/105854.572:ERROR:device_event_log_impl.cc(214)] [10:58:54.573] USB: usb_device_handle_win.cc:1048 Failed to read descriptor from node connection: A device attached to the system is not functioning. (0x1F)
thg 5 31, 2022 10:59:52.436 [9560:2496:0531/105952.436:ERROR:util.cc(127)] Can't create base directory: C:\Program Files\Google\GoogleUpdater

Jun 11, 2022 17:25:46.120 NEW SESSION
Jun 11, 2022 17:25:46.120 [8396:6564:0611/172546.118:ERROR:device_event_log_impl.cc(214)] [17:25:46.118] USB: usb_device_handle_win.cc:1048 Failed to read descriptor from node connection: A device attached to the system is not functioning. (0x1F)
Jun 11, 2022 17:25:46.122 [8396:6564:0611/172546.122:ERROR:device_event_log_impl.cc(214)] [17:25:46.122] USB: usb_device_handle_win.cc:1048 Failed to read descriptor from node connection: A device attached to the system is not functioning. (0x1F)
Jun 11, 2022 17:26:43.109 [8396:17244:0611/172643.109:ERROR:util.cc(127)] Can't create base directory: C:\Program Files\Google\GoogleUpdater
Jun 11, 2022 17:36:06.714 [8396:6564:0611/173606.713:ERROR:device_event_log_impl.cc(214)] [17:36:06.713] USB: usb_service_win.cc:104 SetupDiGetDeviceProperty({{A45C254E-DF1C-4EFD-8020-67D146A850E0}, 6}) failed: Element not found. (0x490)

Jun 13, 2022 19:35:11.451 NEW SESSION
Jun 13, 2022 19:35:11.451 [14060:9556:0613/193511.451:ERROR:device_event_log_impl.cc(214)] [19:35:11.451] USB: usb_device_handle_win.cc:1048 Failed to read descriptor from node connection: A device attached to the system is not functioning. (0x1F)
Jun 13, 2022 19:35:11.451 [14060:9556:0613/193511.451:ERROR:device_event_log_impl.cc(214)] [19:35:11.456] USB: usb_device_handle_win.cc:1048 Failed to read descriptor from node connection: A device attached to the system is not functioning. (0x1F)
Jun 13, 2022 19:36:09.328 [14060:17376:0613/193609.327:ERROR:util.cc(127)] Can't create base directory: C:\Program Files\Google\GoogleUpdater

Jun 22, 2022 14:10:23.239 NEW SESSION
Jun 22, 2022 14:10:23.240 [9348:13872:0622/141023.237:ERROR:device_event_log_impl.cc(214)] [14:10:23.237] USB: usb_device_handle_win.cc:1048 Failed to read descriptor from node connection: A device attached to the system is not functioning. (0x1F)
Jun 22, 2022 14:10:23.242 [9348:13872:0622/141023.242:ERROR:device_event_log_impl.cc(214)] [14:10:23.242] USB: usb_device_handle_win.cc:1048 Failed to read descriptor from node connection: A device attached to the system is not functioning. (0x1F)
Jun 22, 2022 14:11:21.127 [9348:7616:0622/141121.127:ERROR:util.cc(127)] Can't create base directory: C:\Program Files\Google\GoogleUpdater
Jun 22, 2022 14:16:32.62 [9348:13872:0622/141632.062:ERROR:interface_endpoint_client.cc(665)] Message 1 rejected by interface blink.mojom.WidgetHost
Jun 22, 2022 14:16:32.62 [9348:13872:0622/141632.062:ERROR:interface_endpoint_client.cc(665)] Message 1 rejected by interface blink.mojom.WidgetHost
Jun 22, 2022 14:34:31.741 [9348:13872:0622/143431.741:ERROR:interface_endpoint_client.cc(665)] Message 0 rejected by interface blink.mojom.WidgetHost
Jun 22, 2022 15:06:07.58 [9348:13872:0622/150607.058:ERROR:interface_endpoint_client.cc(665)] Message 0 rejected by interface blink.mojom.WidgetHost
Jun 22, 2022 15:54:06.33 [9348:13872:0622/155406.033:ERROR:interface_endpoint_client.cc(665)] Message 1 rejected by interface blink.mojom.WidgetHost
Jun 22, 2022 16:02:11.788 [9348:13872:0622/160211.788:ERROR:interface_endpoint_client.cc(665)] Message 1 rejected by interface blink.mojom.WidgetHost

Jun 25, 2022 10:11:15.708 NEW SESSION
Jun 25, 2022 10:11:15.708 [7376:944:0625/101115.708:ERROR:device_event_log_impl.cc(214)] [10:11:15.708] USB: usb_device_handle_win.cc:1048 Failed to read descriptor from node connection: A device attached to the system is not functioning. (0x1F)
Jun 25, 2022 10:11:15.708 [7376:944:0625/101115.708:ERROR:device_event_log_impl.cc(214)] [10:11:15.715] USB: usb_device_handle_win.cc:1048 Failed to read descriptor from node connection: A device attached to the system is not functioning. (0x1F)
Jun 25, 2022 10:11:30.636 [12512:1792:0625/101130.636:ERROR:device_event_log_impl.cc(214)] [10:11:30.636] USB: usb_device_handle_win.cc:1048 Failed to read descriptor from node connection: A device attached to the system is not functioning. (0x1F)
Jun 25, 2022 10:11:30.641 [12512:1792:0625/101130.641:ERROR:device_event_log_impl.cc(214)] [10:11:30.641] USB: usb_device_handle_win.cc:1048 Failed to read descriptor from node connection: A device attached to the system is not functioning. (0x1F)
Jun 25, 2022 10:12:28.532 [12512:10788:0625/101228.532:ERROR:util.cc(127)] Can't create base directory: C:\Program Files\Google\GoogleUpdater
Jun 25, 2022 10:17:20.754 [14316:9004:0625/101720.754:ERROR:device_event_log_impl.cc(214)] [10:17:20.754] USB: usb_device_handle_win.cc:1048 Failed to read descriptor from node connection: A device attached to the system is not functioning. (0x1F)
Jun 25, 2022 10:17:20.759 [14316:9004:0625/101720.758:ERROR:device_event_log_impl.cc(214)] [10:17:20.758] USB: usb_device_handle_win.cc:1048 Failed to read descriptor from node connection: A device attached to the system is not functioning. (0x1F)
Jun 25, 2022 10:18:18.772 [14316:1768:0625/101818.772:ERROR:util.cc(127)] Can't create base directory: C:\Program Files\Google\GoogleUpdater
Jun 25, 2022 10:23:47.111 [13832:11080:0625/102347.111:ERROR:device_event_log_impl.cc(214)] [10:23:47.110] USB: usb_device_handle_win.cc:1048 Failed to read descriptor from node connection: A device attached to the system is not functioning. (0x1F)
Jun 25, 2022 10:23:47.116 [13832:11080:0625/102347.116:ERROR:device_event_log_impl.cc(214)] [10:23:47.116] USB: usb_device_handle_win.cc:1048 Failed to read descriptor from node connection: A device attached to the system is not functioning. (0x1F)
Jun 25, 2022 10:24:45.13 [13832:7544:0625/102445.012:ERROR:util.cc(127)] Can't create base directory: C:\Program Files\Google\GoogleUpdater
Jun 25, 2022 12:18:26.46 [13832:11080:0625/121826.038:ERROR:interface_endpoint_client.cc(665)] Message 1 rejected by interface blink.mojom.WidgetHost

Jun 26, 2022 10:23:38.33 NEW SESSION
Jun 26, 2022 10:23:38.33 [8364:9228:0626/102338.030:ERROR:device_event_log_impl.cc(214)] [10:23:38.030] USB: usb_device_handle_win.cc:1048 Failed to read descriptor from node connection: A device attached to the system is not functioning. (0x1F)
Jun 26, 2022 10:23:38.35 [8364:9228:0626/102338.035:ERROR:device_event_log_impl.cc(214)] [10:23:38.035] USB: usb_device_handle_win.cc:1048 Failed to read descriptor from node connection: A device attached to the system is not functioning. (0x1F)
Jun 26, 2022 10:24:34.853 [8364:10952:0626/102434.853:ERROR:util.cc(127)] Can't create base directory: C:\Program Files\Google\GoogleUpdater

Jul 04, 2022 15:29:12.976 NEW SESSION
Jul 04, 2022 15:29:12.976 [8108:12788:0704/152912.970:ERROR:device_event_log_impl.cc(214)] [15:29:12.969] USB: usb_device_handle_win.cc:1048 Failed to read descriptor from node connection: A device attached to the system is not functioning. (0x1F)
Jul 04, 2022 15:29:12.982 [8108:12788:0704/152912.974:ERROR:device_event_log_impl.cc(214)] [15:29:12.974] USB: usb_device_handle_win.cc:1048 Failed to read descriptor from node connection: A device attached to the system is not functioning. (0x1F)
Jul 04, 2022 15:30:10.848 [8108:10540:0704/153010.833:ERROR:util.cc(127)] Can't create base directory: C:\Program Files\Google\GoogleUpdater

Jul 04, 2022 15:59:25.951 NEW SESSION
Jul 04, 2022 15:59:25.952 [14904:14812:0704/155925.950:ERROR:device_event_log_impl.cc(214)] [15:59:25.950] USB: usb_device_handle_win.cc:1048 Failed to read descriptor from node connection: A device attached to the system is not functioning. (0x1F)
Jul 04, 2022 15:59:25.956 [14904:14812:0704/155925.956:ERROR:device_event_log_impl.cc(214)] [15:59:25.956] USB: usb_device_handle_win.cc:1048 Failed to read descriptor from node connection: A device attached to the system is not functioning. (0x1F)
Jul 04, 2022 16:00:23.736 [14904:8804:0704/160023.735:ERROR:util.cc(127)] Can't create base directory: C:\Program Files\Google\GoogleUpdater
Jul 04, 2022 16:09:58.620 [14692:11992:0704/160958.620:ERROR:device_event_log_impl.cc(214)] [16:09:58.620] USB: usb_device_handle_win.cc:1048 Failed to read descriptor from node connection: A device attached to the system is not functioning. (0x1F)
Jul 04, 2022 16:09:58.624 [14692:11992:0704/160958.623:ERROR:device_event_log_impl.cc(214)] [16:09:58.623] USB: usb_device_handle_win.cc:1048 Failed to read descriptor from node connection: A device attached to the system is not functioning. (0x1F)
Jul 04, 2022 16:13:17.885 [13872:13916:0704/161317.885:ERROR:device_event_log_impl.cc(214)] [16:13:17.884] USB: usb_device_handle_win.cc:1048 Failed to read descriptor from node connection: A device attached to the system is not functioning. (0x1F)
Jul 04, 2022 16:13:17.890 [13872:13916:0704/161317.889:ERROR:device_event_log_impl.cc(214)] [16:13:17.889] USB: usb_device_handle_win.cc:1048 Failed to read descriptor from node connection: A device attached to the system is not functioning. (0x1F)
Jul 04, 2022 16:13:34.264 [12984:7252:0704/161334.264:ERROR:device_event_log_impl.cc(214)] [16:13:34.263] USB: usb_device_handle_win.cc:1048 Failed to read descriptor from node connection: A device attached to the system is not functioning. (0x1F)
Jul 04, 2022 16:13:34.270 [12984:7252:0704/161334.270:ERROR:device_event_log_impl.cc(214)] [16:13:34.269] USB: usb_device_handle_win.cc:1048 Failed to read descriptor from node connection: A device attached to the system is not functioning. (0x1F)
Jul 04, 2022 16:13:49.980 [9716:14232:0704/161349.980:ERROR:device_event_log_impl.cc(214)] [16:13:49.980] USB: usb_device_handle_win.cc:1048 Failed to read descriptor from node connection: A device attached to the system is not functioning. (0x1F)
Jul 04, 2022 16:13:49.987 [9716:14232:0704/161349.987:ERROR:device_event_log_impl.cc(214)] [16:13:49.986] USB: usb_device_handle_win.cc:1048 Failed to read descriptor from node connection: A device attached to the system is not functioning. (0x1F)
Jul 04, 2022 16:16:18.752 [14720:2204:0704/161618.752:ERROR:device_event_log_impl.cc(214)] [16:16:18.752] USB: usb_device_handle_win.cc:1048 Failed to read descriptor from node connection: A device attached to the system is not functioning. (0x1F)
Jul 04, 2022 16:16:18.758 [14720:2204:0704/161618.758:ERROR:device_event_log_impl.cc(214)] [16:16:18.758] USB: usb_device_handle_win.cc:1048 Failed to read descriptor from node connection: A device attached to the system is not functioning. (0x1F)
Jul 04, 2022 16:17:16.436 [14720:5044:0704/161716.435:ERROR:util.cc(127)] Can't create base directory: C:\Program Files\Google\GoogleUpdater
Jul 04, 2022 16:18:46.425 [5628:13748:0704/161846.425:ERROR:device_event_log_impl.cc(214)] [16:18:46.424] USB: usb_device_handle_win.cc:1048 Failed to read descriptor from node connection: A device attached to the system is not functioning. (0x1F)
Jul 04, 2022 16:18:46.429 [5628:13748:0704/161846.429:ERROR:device_event_log_impl.cc(214)] [16:18:46.429] USB: usb_device_handle_win.cc:1048 Failed to read descriptor from node connection: A device attached to the system is not functioning. (0x1F)
Jul 04, 2022 16:19:44.448 [5628:5116:0704/161944.448:ERROR:util.cc(127)] Can't create base directory: C:\Program Files\Google\GoogleUpdater
Jul 04, 2022 16:21:34.785 [14908:8064:0704/162134.785:ERROR:device_event_log_impl.cc(214)] [16:21:34.785] USB: usb_device_handle_win.cc:1048 Failed to read descriptor from node connection: A device attached to the system is not functioning. (0x1F)
Jul 04, 2022 16:21:34.792 [14908:8064:0704/162134.792:ERROR:device_event_log_impl.cc(214)] [16:21:34.792] USB: usb_device_handle_win.cc:1048 Failed to read descriptor from node connection: A device attached to the system is not functioning. (0x1F)
Jul 04, 2022 16:23:37.788 [11432:4544:0704/162337.788:ERROR:device_event_log_impl.cc(214)] [16:23:37.787] USB: usb_device_handle_win.cc:1048 Failed to read descriptor from node connection: A device attached to the system is not functioning. (0x1F)
Jul 04, 2022 16:23:37.792 [11432:4544:0704/162337.791:ERROR:device_event_log_impl.cc(214)] [16:23:37.791] USB: usb_device_handle_win.cc:1048 Failed to read descriptor from node connection: A device attached to the system is not functioning. (0x1F)
Jul 04, 2022 16:25:12.987 [4192:1776:0704/162512.987:ERROR:device_event_log_impl.cc(214)] [16:25:12.987] USB: usb_device_handle_win.cc:1048 Failed to read descriptor from node connection: A device attached to the system is not functioning. (0x1F)
Jul 04, 2022 16:25:12.992 [4192:1776:0704/162512.991:ERROR:device_event_log_impl.cc(214)] [16:25:12.991] USB: usb_device_handle_win.cc:1048 Failed to read descriptor from node connection: A device attached to the system is not functioning. (0x1F)
Jul 04, 2022 16:26:09.894 [4192:14752:0704/162609.894:ERROR:util.cc(127)] Can't create base directory: C:\Program Files\Google\GoogleUpdater
Jul 04, 2022 16:30:22.349 [14764:3484:0704/163022.349:ERROR:device_event_log_impl.cc(214)] [16:30:22.349] USB: usb_device_handle_win.cc:1048 Failed to read descriptor from node connection: A device attached to the system is not functioning. (0x1F)
Jul 04, 2022 16:30:22.355 [14764:3484:0704/163022.355:ERROR:device_event_log_impl.cc(214)] [16:30:22.355] USB: usb_device_handle_win.cc:1048 Failed to read descriptor from node connection: A device attached to the system is not functioning. (0x1F)
Jul 04, 2022 16:31:05.733 [13656:3996:0704/163105.733:ERROR:device_event_log_impl.cc(214)] [16:31:05.733] USB: usb_device_handle_win.cc:1048 Failed to read descriptor from node connection: A device attached to the system is not functioning. (0x1F)
Jul 04, 2022 16:31:05.738 [13656:3996:0704/163105.738:ERROR:device_event_log_impl.cc(214)] [16:31:05.738] USB: usb_device_handle_win.cc:1048 Failed to read descriptor from node connection: A device attached to the system is not functioning. (0x1F)
Jul 04, 2022 16:31:13.310 [15076:1380:0704/163113.310:ERROR:device_event_log_impl.cc(214)] [16:31:13.310] USB: usb_device_handle_win.cc:1048 Failed to read descriptor from node connection: A device attached to the system is not functioning. (0x1F)
Jul 04, 2022 16:31:13.314 [15076:1380:0704/163113.314:ERROR:device_event_log_impl.cc(214)] [16:31:13.314] USB: usb_device_handle_win.cc:1048 Failed to read descriptor from node connection: A device attached to the system is not functioning. (0x1F)
Jul 04, 2022 16:32:11.340 [15076:12152:0704/163211.339:ERROR:util.cc(127)] Can't create base directory: C:\Program Files\Google\GoogleUpdater

Jul 05, 2022 11:47:16.236 NEW SESSION
Jul 05, 2022 11:47:16.236 [11184:4824:0705/114716.235:ERROR:device_event_log_impl.cc(214)] [11:47:16.235] USB: usb_device_handle_win.cc:1048 Failed to read descriptor from node connection: A device attached to the system is not functioning. (0x1F)
Jul 05, 2022 11:47:16.239 [11184:4824:0705/114716.239:ERROR:device_event_log_impl.cc(214)] [11:47:16.239] USB: usb_device_handle_win.cc:1048 Failed to read descriptor from node connection: A device attached to the system is not functioning. (0x1F)
Jul 05, 2022 11:48:14.176 [11184:7700:0705/114814.176:ERROR:util.cc(127)] Can't create base directory: C:\Program Files\Google\GoogleUpdater
Jul 05, 2022 12:36:11.19 [7964:7736:0705/123611.019:ERROR:device_event_log_impl.cc(214)] [12:36:11.019] USB: usb_device_handle_win.cc:1048 Failed to read descriptor from node connection: A device attached to the system is not functioning. (0x1F)
Jul 05, 2022 12:36:11.26 [7964:7736:0705/123611.026:ERROR:device_event_log_impl.cc(214)] [12:36:11.026] USB: usb_device_handle_win.cc:1048 Failed to read descriptor from node connection: A device attached to the system is not functioning. (0x1F)
Jul 05, 2022 12:37:09.44 [7964:7904:0705/123709.044:ERROR:util.cc(127)] Can't create base directory: C:\Program Files\Google\GoogleUpdater
Jul 05, 2022 12:38:36.650 [12232:7468:0705/123836.650:ERROR:device_event_log_impl.cc(214)] [12:38:36.650] USB: usb_device_handle_win.cc:1048 Failed to read descriptor from node connection: A device attached to the system is not functioning. (0x1F)
Jul 05, 2022 12:38:36.655 [12232:7468:0705/123836.655:ERROR:device_event_log_impl.cc(214)] [12:38:36.655] USB: usb_device_handle_win.cc:1048 Failed to read descriptor from node connection: A device attached to the system is not functioning. (0x1F)
Jul 05, 2022 12:39:35.407 [12232:15408:0705/123935.407:ERROR:util.cc(127)] Can't create base directory: C:\Program Files\Google\GoogleUpdater

Jul 06, 2022 13:50:09.823 NEW SESSION
Jul 06, 2022 13:50:09.824 [14840:8464:0706/135009.822:ERROR:device_event_log_impl.cc(214)] [13:50:09.821] USB: usb_device_handle_win.cc:1048 Failed to read descriptor from node connection: A device attached to the system is not functioning. (0x1F)
Jul 06, 2022 13:50:09.833 [14840:8464:0706/135009.827:ERROR:device_event_log_impl.cc(214)] [13:50:09.827] USB: usb_device_handle_win.cc:1048 Failed to read descriptor from node connection: A device attached to the system is not functioning. (0x1F)
Jul 06, 2022 13:51:07.701 [14840:13496:0706/135107.700:ERROR:util.cc(127)] Can't create base directory: C:\Program Files\Google\GoogleUpdater
Jul 06, 2022 14:04:54.814 [14840:8464:0706/140454.813:ERROR:interface_endpoint_client.cc(665)] Message 0 rejected by interface blink.mojom.WidgetHost
Jul 06, 2022 14:09:24.553 [14840:8464:0706/140924.553:ERROR:interface_endpoint_client.cc(665)] Message 0 rejected by interface blink.mojom.WidgetHost
Jul 06, 2022 14:16:16.977 [14840:8464:0706/141616.976:ERROR:interface_endpoint_client.cc(665)] Message 0 rejected by interface blink.mojom.WidgetHost

Jul 07, 2022 09:10:00.217 NEW SESSION
Jul 07, 2022 09:10:00.217 [15312:15244:0707/091000.215:ERROR:device_event_log_impl.cc(214)] [09:10:00.216] USB: usb_device_handle_win.cc:1048 Failed to read descriptor from node connection: A device attached to the system is not functioning. (0x1F)
Jul 07, 2022 09:10:00.220 [15312:15244:0707/091000.220:ERROR:device_event_log_impl.cc(214)] [09:10:00.220] USB: usb_device_handle_win.cc:1048 Failed to read descriptor from node connection: A device attached to the system is not functioning. (0x1F)
Jul 07, 2022 09:10:58.150 [15312:11528:0707/091058.149:ERROR:util.cc(127)] Can't create base directory: C:\Program Files\Google\GoogleUpdater

Jul 07, 2022 09:17:30.189 NEW SESSION
Jul 07, 2022 09:17:30.189 [5600:10164:0707/091730.188:ERROR:device_event_log_impl.cc(214)] [09:17:30.187] USB: usb_device_handle_win.cc:1048 Failed to read descriptor from node connection: A device attached to the system is not functioning. (0x1F)
Jul 07, 2022 09:17:30.194 [5600:10164:0707/091730.194:ERROR:device_event_log_impl.cc(214)] [09:17:30.194] USB: usb_device_handle_win.cc:1048 Failed to read descriptor from node connection: A device attached to the system is not functioning. (0x1F)
Jul 07, 2022 09:18:27.650 [5600:14476:0707/091827.649:ERROR:util.cc(127)] Can't create base directory: C:\Program Files\Google\GoogleUpdater
Jul 07, 2022 09:21:22.860 [5600:10164:0707/092122.860:ERROR:interface_endpoint_client.cc(665)] Message 0 rejected by interface blink.mojom.WidgetHost

Jul 07, 2022 13:33:09.01 NEW SESSION
Jul 07, 2022 13:33:09.01 [13588:13584:0707/133308.998:ERROR:device_event_log_impl.cc(214)] [13:33:08.998] USB: usb_device_handle_win.cc:1048 Failed to read descriptor from node connection: A device attached to the system is not functioning. (0x1F)
Jul 07, 2022 13:33:09.04 [13588:13584:0707/133308.998:ERROR:device_event_log_impl.cc(214)] [13:33:08.998] USB: usb_device_handle_win.cc:1048 Failed to read descriptor from node connection: A device attached to the system is not functioning. (0x1F)
Jul 07, 2022 13:33:09.51 [13588:14292:0707/133309.050:ERROR:connection_factory_impl.cc(425)] Failed to connect to MCS endpoint with error -105
Jul 07, 2022 13:33:09.52 [13588:14292:0707/133309.051:ERROR:registration_request.cc(247)] Registration URL fetching failed.
Jul 07, 2022 13:33:09.52 [13588:14292:0707/133309.051:ERROR:registration_request.cc(247)] Registration URL fetching failed.
Jul 07, 2022 13:33:09.52 [13588:14292:0707/133309.052:ERROR:registration_request.cc(247)] Registration URL fetching failed.
Jul 07, 2022 13:33:33.233 [13588:14292:0707/133333.233:ERROR:connection_factory_impl.cc(425)] Failed to connect to MCS endpoint with error -105
Jul 07, 2022 13:33:35.534 [13588:14292:0707/133335.533:ERROR:registration_request.cc(247)] Registration URL fetching failed.
Jul 07, 2022 13:33:36.132 [13588:14292:0707/133336.132:ERROR:registration_request.cc(247)] Registration URL fetching failed.
Jul 07, 2022 13:33:38.508 [13588:14292:0707/133338.508:ERROR:registration_request.cc(247)] Registration URL fetching failed.
Jul 07, 2022 13:33:40.278 [13588:13584:0707/133340.278:ERROR:account_info_fetcher.cc(62)] OnGetTokenFailure: Connection failed (-105).
Jul 07, 2022 13:34:06.852 [13588:11656:0707/133406.851:ERROR:util.cc(127)] Can't create base directory: C:\Program Files\Google\GoogleUpdater
Jul 07, 2022 13:34:16.242 [13588:14292:0707/133416.241:ERROR:connection_factory_impl.cc(425)] Failed to connect to MCS endpoint with error -105
Jul 07, 2022 13:34:19.464 [13588:14292:0707/133419.464:ERROR:registration_request.cc(247)] Registration URL fetching failed.
Jul 07, 2022 13:34:31.374 [13588:14292:0707/133431.374:ERROR:registration_request.cc(247)] Registration URL fetching failed.
Jul 07, 2022 13:34:35.440 [13588:14292:0707/133435.439:ERROR:registration_request.cc(247)] Registration URL fetching failed.
Jul 07, 2022 13:35:53.198 [13588:14292:0707/133553.198:ERROR:connection_factory_impl.cc(425)] Failed to connect to MCS endpoint with error -105
Jul 07, 2022 13:35:55.866 [13588:14292:0707/133555.865:ERROR:registration_request.cc(247)] Registration URL fetching failed.
Jul 07, 2022 13:36:03.803 [13588:14292:0707/133603.803:ERROR:registration_request.cc(247)] Registration URL fetching failed.
Jul 07, 2022 13:36:09.856 [13588:14292:0707/133609.856:ERROR:registration_request.cc(247)] Registration URL fetching failed.
Jul 07, 2022 13:38:51.626 [13588:14292:0707/133851.626:ERROR:registration_request.cc(247)] Registration URL fetching failed.
Jul 07, 2022 13:47:53.855 [7164:5812:0707/134753.855:ERROR:device_event_log_impl.cc(214)] [13:47:53.855] USB: usb_device_handle_win.cc:1048 Failed to read descriptor from node connection: A device attached to the system is not functioning. (0x1F)
Jul 07, 2022 13:47:53.856 [7164:5812:0707/134753.855:ERROR:device_event_log_impl.cc(214)] [13:47:53.855] USB: usb_device_handle_win.cc:1048 Failed to read descriptor from node connection: A device attached to the system is not functioning. (0x1F)
Jul 07, 2022 13:48:51.794 [7164:9096:0707/134851.793:ERROR:util.cc(127)] Can't create base directory: C:\Program Files\Google\GoogleUpdater

Jul 08, 2022 11:35:32.307 NEW SESSION
Jul 08, 2022 11:35:32.307 [7036:14080:0708/113532.304:ERROR:device_event_log_impl.cc(214)] [11:35:32.304] USB: usb_device_handle_win.cc:1048 Failed to read descriptor from node connection: A device attached to the system is not functioning. (0x1F)
Jul 08, 2022 11:35:32.309 [7036:14080:0708/113532.305:ERROR:device_event_log_impl.cc(214)] [11:35:32.304] USB: usb_device_handle_win.cc:1048 Failed to read descriptor from node connection: A device attached to the system is not functioning. (0x1F)
Jul 08, 2022 11:36:29.156 [7036:4820:0708/113629.155:ERROR:util.cc(127)] Can't create base directory: C:\Program Files\Google\GoogleUpdater
Jul 08, 2022 11:42:05.225 [11848:4640:0708/114205.224:ERROR:device_event_log_impl.cc(214)] [11:42:05.224] USB: usb_device_handle_win.cc:1048 Failed to read descriptor from node connection: A device attached to the system is not functioning. (0x1F)
Jul 08, 2022 11:42:05.225 [11848:4640:0708/114205.225:ERROR:device_event_log_impl.cc(214)] [11:42:05.224] USB: usb_device_handle_win.cc:1048 Failed to read descriptor from node connection: A device attached to the system is not functioning. (0x1F)
Jul 08, 2022 11:52:52.08 [15744:15512:0708/115252.007:ERROR:device_event_log_impl.cc(214)] [11:52:52.007] USB: usb_device_handle_win.cc:1048 Failed to read descriptor from node connection: A device attached to the system is not functioning. (0x1F)
Jul 08, 2022 11:52:52.08 [15744:15512:0708/115252.007:ERROR:device_event_log_impl.cc(214)] [11:52:52.008] USB: usb_device_handle_win.cc:1048 Failed to read descriptor from node connection: A device attached to the system is not functioning. (0x1F)
Jul 08, 2022 11:53:49.913 [15744:11520:0708/115349.913:ERROR:util.cc(127)] Can't create base directory: C:\Program Files\Google\GoogleUpdater
Jul 08, 2022 11:57:17.533 [6240:6916:0708/115717.532:ERROR:device_event_log_impl.cc(214)] [11:57:17.532] USB: usb_device_handle_win.cc:1048 Failed to read descriptor from node connection: A device attached to the system is not functioning. (0x1F)
Jul 08, 2022 11:57:17.534 [6240:6916:0708/115717.532:ERROR:device_event_log_impl.cc(214)] [11:57:17.532] USB: usb_device_handle_win.cc:1048 Failed to read descriptor from node connection: A device attached to the system is not functioning. (0x1F)
Jul 08, 2022 11:58:15.422 [6240:14576:0708/115815.422:ERROR:util.cc(127)] Can't create base directory: C:\Program Files\Google\GoogleUpdater

thg 7 09, 2022 14:28:57.136 NEW SESSION
thg 7 09, 2022 14:28:57.136 [18568:19728:0709/142857.132:ERROR:device_event_log_impl.cc(214)] [14:28:57.132] USB: usb_device_handle_win.cc:1048 Failed to read descriptor from node connection: A device attached to the system is not functioning. (0x1F)
thg 7 09, 2022 14:28:57.138 [18568:19728:0709/142857.133:ERROR:device_event_log_impl.cc(214)] [14:28:57.133] USB: usb_device_handle_win.cc:1048 Failed to read descriptor from node connection: A device attached to the system is not functioning. (0x1F)
thg 7 09, 2022 14:29:54.283 [18568:6960:0709/142954.282:ERROR:util.cc(127)] Can't create base directory: C:\Program Files\Google\GoogleUpdater
thg 7 09, 2022 14:37:43.770 [18568:19728:0709/143743.769:ERROR:interface_endpoint_client.cc(665)] Message 1 rejected by interface blink.mojom.WidgetHost
thg 7 09, 2022 15:22:38.958 [18568:19728:0709/152238.957:ERROR:interface_endpoint_client.cc(665)] Message 0 rejected by interface blink.mojom.WidgetHost

thg 7 09, 2022 16:46:38.915 NEW SESSION
thg 7 09, 2022 16:46:38.916 [10268:9224:0709/164638.914:ERROR:device_event_log_impl.cc(214)] [16:46:38.914] USB: usb_device_handle_win.cc:1048 Failed to read descriptor from node connection: A device attached to the system is not functioning. (0x1F)
thg 7 09, 2022 16:46:38.916 [10268:9224:0709/164638.914:ERROR:device_event_log_impl.cc(214)] [16:46:38.914] USB: usb_device_handle_win.cc:1048 Failed to read descriptor from node connection: A device attached to the system is not functioning. (0x1F)
thg 7 09, 2022 16:47:36.551 [10268:20860:0709/164736.550:ERROR:util.cc(127)] Can't create base directory: C:\Program Files\Google\GoogleUpdater

thg 7 10, 2022 13:38:06.93 NEW SESSION
thg 7 10, 2022 13:38:06.94 [7988:18004:0710/133806.091:ERROR:device_event_log_impl.cc(214)] [13:38:06.091] USB: usb_device_handle_win.cc:1048 Failed to read descriptor from node connection: A device attached to the system is not functioning. (0x1F)
thg 7 10, 2022 13:38:06.94 [7988:18004:0710/133806.093:ERROR:device_event_log_impl.cc(214)] [13:38:06.092] USB: usb_device_handle_win.cc:1048 Failed to read descriptor from node connection: A device attached to the system is not functioning. (0x1F)
thg 7 10, 2022 13:39:04.10 [7988:19168:0710/133904.008:ERROR:util.cc(127)] Can't create base directory: C:\Program Files\Google\GoogleUpdater
thg 7 10, 2022 14:30:47.881 [7988:18004:0710/143047.879:ERROR:interface_endpoint_client.cc(665)] Message 1 rejected by interface blink.mojom.WidgetHost
thg 7 10, 2022 14:30:47.884 [7988:18004:0710/143047.879:ERROR:interface_endpoint_client.cc(665)] Message 1 rejected by interface blink.mojom.WidgetHost
thg 7 10, 2022 14:31:25.233 [7988:18004:0710/143125.231:ERROR:interface_endpoint_client.cc(665)] Message 1 rejected by interface blink.mojom.WidgetHost
thg 7 10, 2022 14:31:25.236 [7988:18004:0710/143125.231:ERROR:interface_endpoint_client.cc(665)] Message 1 rejected by interface blink.mojom.WidgetHost
thg 7 10, 2022 14:36:06.167 [7988:18004:0710/143606.165:ERROR:interface_endpoint_client.cc(665)] Message 0 rejected by interface blink.mojom.WidgetHost
thg 7 10, 2022 15:05:07.172 [7988:18004:0710/150507.170:ERROR:interface_endpoint_client.cc(665)] Message 1 rejected by interface blink.mojom.WidgetHost
thg 7 10, 2022 15:56:47.375 [7988:18004:0710/155647.374:ERROR:device_event_log_impl.cc(214)] [15:56:47.374] USB: usb_service_win.cc:104 SetupDiGetDeviceProperty({{A45C254E-DF1C-4EFD-8020-67D146A850E0}, 6}) failed: Element not found. (0x490)
thg 7 10, 2022 17:17:02.93 [7988:18004:0710/171702.091:ERROR:interface_endpoint_client.cc(665)] Message 1 rejected by interface blink.mojom.WidgetHost

thg 7 12, 2022 12:24:05.770 NEW SESSION
thg 7 12, 2022 12:24:05.770 [12528:21272:0712/122405.769:ERROR:device_event_log_impl.cc(214)] [12:24:05.768] USB: usb_device_handle_win.cc:1048 Failed to read descriptor from node connection: A device attached to the system is not functioning. (0x1F)
thg 7 12, 2022 12:24:05.775 [12528:21272:0712/122405.770:ERROR:device_event_log_impl.cc(214)] [12:24:05.770] USB: usb_device_handle_win.cc:1048 Failed to read descriptor from node connection: A device attached to the system is not functioning. (0x1F)
thg 7 12, 2022 12:25:03.778 [12528:18960:0712/122503.777:ERROR:util.cc(127)] Can't create base directory: C:\Program Files\Google\GoogleUpdater

thg 7 12, 2022 15:52:44.710 NEW SESSION
thg 7 12, 2022 15:52:44.710 [18812:18492:0712/155244.699:ERROR:device_event_log_impl.cc(214)] [15:52:44.699] USB: usb_device_handle_win.cc:1048 Failed to read descriptor from node connection: A device attached to the system is not functioning. (0x1F)
thg 7 12, 2022 15:52:44.710 [18812:18492:0712/155244.705:ERROR:device_event_log_impl.cc(214)] [15:52:44.705] USB: usb_device_handle_win.cc:1048 Failed to read descriptor from node connection: A device attached to the system is not functioning. (0x1F)
thg 7 12, 2022 15:53:42.712 [18812:10320:0712/155342.711:ERROR:util.cc(127)] Can't create base directory: C:\Program Files\Google\GoogleUpdater

thg 7 13, 2022 15:55:41.57 NEW SESSION
thg 7 13, 2022 15:55:41.57 [4272:11496:0713/155541.054:ERROR:device_event_log_impl.cc(214)] [15:55:41.053] USB: usb_device_handle_win.cc:1048 Failed to read descriptor from node connection: A device attached to the system is not functioning. (0x1F)
thg 7 13, 2022 15:55:41.59 [4272:11496:0713/155541.054:ERROR:device_event_log_impl.cc(214)] [15:55:41.053] USB: usb_device_handle_win.cc:1048 Failed to read descriptor from node connection: A device attached to the system is not functioning. (0x1F)
thg 7 13, 2022 15:56:38.822 [4272:16164:0713/155638.822:ERROR:util.cc(127)] Can't create base directory: C:\Program Files\Google\GoogleUpdater

thg 7 14, 2022 16:03:11.928 NEW SESSION
thg 7 14, 2022 16:03:11.932 [10100:12676:0714/160311.921:ERROR:device_event_log_impl.cc(214)] [16:03:11.921] USB: usb_device_handle_win.cc:1048 Failed to read descriptor from node connection: A device attached to the system is not functioning. (0x1F)
thg 7 14, 2022 16:03:11.934 [10100:12676:0714/160311.924:ERROR:device_event_log_impl.cc(214)] [16:03:11.925] USB: usb_device_handle_win.cc:1048 Failed to read descriptor from node connection: A device attached to the system is not functioning. (0x1F)
thg 7 14, 2022 16:05:12.783 [1604:6764:0714/160512.782:ERROR:device_event_log_impl.cc(214)] [16:05:12.782] USB: usb_device_handle_win.cc:1048 Failed to read descriptor from node connection: A device attached to the system is not functioning. (0x1F)
thg 7 14, 2022 16:05:12.789 [1604:6764:0714/160512.786:ERROR:device_event_log_impl.cc(214)] [16:05:12.786] USB: usb_device_handle_win.cc:1048 Failed to read descriptor from node connection: A device attached to the system is not functioning. (0x1F)
thg 7 14, 2022 16:06:10.758 [1604:17828:0714/160610.758:ERROR:util.cc(127)] Can't create base directory: C:\Program Files\Google\GoogleUpdater
thg 7 14, 2022 16:41:27.555 [20344:7784:0714/164127.554:ERROR:device_event_log_impl.cc(214)] [16:41:27.555] USB: usb_device_handle_win.cc:1048 Failed to read descriptor from node connection: A device attached to the system is not functioning. (0x1F)
thg 7 14, 2022 16:41:27.563 [20344:7784:0714/164127.558:ERROR:device_event_log_impl.cc(214)] [16:41:27.559] USB: usb_device_handle_win.cc:1048 Failed to read descriptor from node connection: A device attached to the system is not functioning. (0x1F)

thg 7 14, 2022 16:50:11.923 NEW SESSION
thg 7 14, 2022 16:50:11.923 [8588:14324:0714/165011.918:ERROR:device_event_log_impl.cc(214)] [16:50:11.918] USB: usb_device_handle_win.cc:1048 Failed to read descriptor from node connection: A device attached to the system is not functioning. (0x1F)
thg 7 14, 2022 16:50:11.925 [8588:14324:0714/165011.923:ERROR:device_event_log_impl.cc(214)] [16:50:11.924] USB: usb_device_handle_win.cc:1048 Failed to read descriptor from node connection: A device attached to the system is not functioning. (0x1F)
thg 7 14, 2022 16:50:42.283 [10528:14672:0714/165042.282:ERROR:device_event_log_impl.cc(214)] [16:50:42.282] USB: usb_device_handle_win.cc:1048 Failed to read descriptor from node connection: A device attached to the system is not functioning. (0x1F)
thg 7 14, 2022 16:50:42.289 [10528:14672:0714/165042.287:ERROR:device_event_log_impl.cc(214)] [16:50:42.287] USB: usb_device_handle_win.cc:1048 Failed to read descriptor from node connection: A device attached to the system is not functioning. (0x1F)
thg 7 14, 2022 16:51:09.290 [19404:13252:0714/165109.289:ERROR:device_event_log_impl.cc(214)] [16:51:09.289] USB: usb_device_handle_win.cc:1048 Failed to read descriptor from node connection: A device attached to the system is not functioning. (0x1F)
thg 7 14, 2022 16:51:09.295 [19404:13252:0714/165109.294:ERROR:device_event_log_impl.cc(214)] [16:51:09.294] USB: usb_device_handle_win.cc:1048 Failed to read descriptor from node connection: A device attached to the system is not functioning. (0x1F)
thg 7 14, 2022 17:20:09.454 [18944:16560:0714/172009.453:ERROR:device_event_log_impl.cc(214)] [17:20:09.452] USB: usb_device_handle_win.cc:1048 Failed to read descriptor from node connection: A device attached to the system is not functioning. (0x1F)
thg 7 14, 2022 17:20:09.459 [18944:16560:0714/172009.458:ERROR:device_event_log_impl.cc(214)] [17:20:09.457] USB: usb_device_handle_win.cc:1048 Failed to read descriptor from node connection: A device attached to the system is not functioning. (0x1F)
thg 7 14, 2022 17:22:37.880 [20356:17640:0714/172237.879:ERROR:device_event_log_impl.cc(214)] [17:22:37.879] USB: usb_device_handle_win.cc:1048 Failed to read descriptor from node connection: A device attached to the system is not functioning. (0x1F)
thg 7 14, 2022 17:22:37.884 [20356:17640:0714/172237.883:ERROR:device_event_log_impl.cc(214)] [17:22:37.883] USB: usb_device_handle_win.cc:1048 Failed to read descriptor from node connection: A device attached to the system is not functioning. (0x1F)
thg 7 14, 2022 17:23:18.220 [10056:2248:0714/172318.220:ERROR:device_event_log_impl.cc(214)] [17:23:18.220] USB: usb_device_handle_win.cc:1048 Failed to read descriptor from node connection: A device attached to the system is not functioning. (0x1F)
thg 7 14, 2022 17:23:18.230 [10056:2248:0714/172318.229:ERROR:device_event_log_impl.cc(214)] [17:23:18.229] USB: usb_device_handle_win.cc:1048 Failed to read descriptor from node connection: A device attached to the system is not functioning. (0x1F)
thg 7 14, 2022 17:24:14.914 [12608:4764:0714/172414.913:ERROR:device_event_log_impl.cc(214)] [17:24:14.913] USB: usb_device_handle_win.cc:1048 Failed to read descriptor from node connection: A device attached to the system is not functioning. (0x1F)
thg 7 14, 2022 17:24:14.918 [12608:4764:0714/172414.917:ERROR:device_event_log_impl.cc(214)] [17:24:14.917] USB: usb_device_handle_win.cc:1048 Failed to read descriptor from node connection: A device attached to the system is not functioning. (0x1F)
thg 7 14, 2022 17:25:12.782 [12608:19552:0714/172512.780:ERROR:util.cc(127)] Can't create base directory: C:\Program Files\Google\GoogleUpdater

thg 7 17, 2022 12:26:16.439 NEW SESSION
thg 7 17, 2022 12:26:16.439 [8856:1456:0717/122616.432:ERROR:device_event_log_impl.cc(214)] [12:26:16.432] USB: usb_device_handle_win.cc:1048 Failed to read descriptor from node connection: A device attached to the system is not functioning. (0x1F)
thg 7 17, 2022 12:26:16.440 [8856:1456:0717/122616.438:ERROR:device_event_log_impl.cc(214)] [12:26:16.438] USB: usb_device_handle_win.cc:1048 Failed to read descriptor from node connection: A device attached to the system is not functioning. (0x1F)
thg 7 17, 2022 16:12:23.536 [7564:21604:0717/161223.535:ERROR:device_event_log_impl.cc(214)] [16:12:23.536] USB: usb_device_handle_win.cc:1048 Failed to read descriptor from node connection: A device attached to the system is not functioning. (0x1F)
thg 7 17, 2022 16:12:23.540 [7564:21604:0717/161223.539:ERROR:device_event_log_impl.cc(214)] [16:12:23.540] USB: usb_device_handle_win.cc:1048 Failed to read descriptor from node connection: A device attached to the system is not functioning. (0x1F)

thg 7 17, 2022 18:40:54.433 NEW SESSION
thg 7 17, 2022 18:40:54.433 [2624:4020:0717/184054.427:ERROR:device_event_log_impl.cc(214)] [18:40:54.427] USB: usb_device_handle_win.cc:1048 Failed to read descriptor from node connection: A device attached to the system is not functioning. (0x1F)
thg 7 17, 2022 18:40:54.434 [2624:4020:0717/184054.432:ERROR:device_event_log_impl.cc(214)] [18:40:54.432] USB: usb_device_handle_win.cc:1048 Failed to read descriptor from node connection: A device attached to the system is not functioning. (0x1F)

thg 7 19, 2022 14:51:24.440 NEW SESSION
thg 7 19, 2022 14:51:24.441 [14144:6008:0719/145124.435:ERROR:device_event_log_impl.cc(214)] [14:51:24.435] USB: usb_device_handle_win.cc:1048 Failed to read descriptor from node connection: A device attached to the system is not functioning. (0x1F)
thg 7 19, 2022 14:51:24.443 [14144:6008:0719/145124.440:ERROR:device_event_log_impl.cc(214)] [14:51:24.440] USB: usb_device_handle_win.cc:1048 Failed to read descriptor from node connection: A device attached to the system is not functioning. (0x1F)

thg 7 21, 2022 11:43:15.666 NEW SESSION
thg 7 21, 2022 11:43:15.666 [268:13504:0721/114315.663:ERROR:device_event_log_impl.cc(214)] [11:43:15.664] USB: usb_device_handle_win.cc:1048 Failed to read descriptor from node connection: A device attached to the system is not functioning. (0x1F)
thg 7 21, 2022 11:43:15.673 [268:13504:0721/114315.672:ERROR:device_event_log_impl.cc(214)] [11:43:15.672] USB: usb_device_handle_win.cc:1048 Failed to read descriptor from node connection: A device attached to the system is not functioning. (0x1F)
thg 7 21, 2022 13:01:53.709 [7624:7732:0721/130153.709:ERROR:device_event_log_impl.cc(214)] [13:01:53.710] USB: usb_device_handle_win.cc:1048 Failed to read descriptor from node connection: A device attached to the system is not functioning. (0x1F)
thg 7 21, 2022 13:01:53.713 [7624:7732:0721/130153.713:ERROR:device_event_log_impl.cc(214)] [13:01:53.713] USB: usb_device_handle_win.cc:1048 Failed to read descriptor from node connection: A device attached to the system is not functioning. (0x1F)
thg 7 21, 2022 14:13:26.571 [7624:7732:0721/141326.569:ERROR:interface_endpoint_client.cc(665)] Message 0 rejected by interface blink.mojom.WidgetHost

thg 7 24, 2022 09:14:47.299 NEW SESSION
thg 7 24, 2022 09:14:47.299 [9432:10008:0724/091447.293:ERROR:device_event_log_impl.cc(214)] [09:14:47.294] USB: usb_device_handle_win.cc:1048 Failed to read descriptor from node connection: A device attached to the system is not functioning. (0x1F)
thg 7 24, 2022 09:14:47.302 [9432:10008:0724/091447.298:ERROR:device_event_log_impl.cc(214)] [09:14:47.298] USB: usb_device_handle_win.cc:1048 Failed to read descriptor from node connection: A device attached to the system is not functioning. (0x1F)
thg 7 24, 2022 09:15:44.10 [9432:7888:0724/091544.009:ERROR:util.cc(127)] Can't create base directory: C:\Program Files\Google\GoogleUpdater

thg 7 24, 2022 18:46:49.799 NEW SESSION
thg 7 24, 2022 18:46:49.799 [10744:18892:0724/184649.797:ERROR:device_event_log_impl.cc(214)] [18:46:49.797] USB: usb_device_handle_win.cc:1048 Failed to read descriptor from node connection: A device attached to the system is not functioning. (0x1F)
thg 7 24, 2022 18:46:49.801 [10744:18892:0724/184649.801:ERROR:device_event_log_impl.cc(214)] [18:46:49.800] USB: usb_device_handle_win.cc:1048 Failed to read descriptor from node connection: A device attached to the system is not functioning. (0x1F)
thg 7 24, 2022 18:47:47.777 [10744:2364:0724/184747.777:ERROR:util.cc(127)] Can't create base directory: C:\Program Files\Google\GoogleUpdater

thg 7 24, 2022 21:11:55.18 NEW SESSION
thg 7 24, 2022 21:11:55.18 [21444:20512:0724/211155.009:ERROR:device_event_log_impl.cc(214)] [21:11:55.009] USB: usb_device_handle_win.cc:1048 Failed to read descriptor from node connection: A device attached to the system is not functioning. (0x1F)
thg 7 24, 2022 21:11:55.21 [21444:20512:0724/211155.016:ERROR:device_event_log_impl.cc(214)] [21:11:55.015] USB: usb_device_handle_win.cc:1048 Failed to read descriptor from node connection: A device attached to the system is not functioning. (0x1F)
thg 7 24, 2022 21:12:51.931 [21444:14172:0724/211251.928:ERROR:util.cc(127)] Can't create base directory: C:\Program Files\Google\GoogleUpdater
thg 7 24, 2022 21:14:12.772 [10776:13568:0724/211412.769:ERROR:device_event_log_impl.cc(214)] [21:14:12.769] USB: usb_device_handle_win.cc:1048 Failed to read descriptor from node connection: A device attached to the system is not functioning. (0x1F)
thg 7 24, 2022 21:14:12.774 [10776:13568:0724/211412.773:ERROR:device_event_log_impl.cc(214)] [21:14:12.773] USB: usb_device_handle_win.cc:1048 Failed to read descriptor from node connection: A device attached to the system is not functioning. (0x1F)
thg 7 24, 2022 21:15:09.753 [10776:18868:0724/211509.752:ERROR:util.cc(127)] Can't create base directory: C:\Program Files\Google\GoogleUpdater

thg 7 25, 2022 18:37:52.809 NEW SESSION
thg 7 25, 2022 18:37:52.809 [9628:9212:0725/183752.799:ERROR:device_event_log_impl.cc(214)] [18:37:52.799] USB: usb_device_handle_win.cc:1048 Failed to read descriptor from node connection: A device attached to the system is not functioning. (0x1F)
thg 7 25, 2022 18:37:52.811 [9628:9212:0725/183752.802:ERROR:device_event_log_impl.cc(214)] [18:37:52.802] USB: usb_device_handle_win.cc:1048 Failed to read descriptor from node connection: A device attached to the system is not functioning. (0x1F)
thg 7 25, 2022 18:38:50.571 [9628:11400:0725/183850.568:ERROR:util.cc(127)] Can't create base directory: C:\Program Files\Google\GoogleUpdater

thg 8 03, 2022 15:37:29.437 NEW SESSION
thg 8 03, 2022 15:37:29.437 [20728:17732:0803/153729.431:ERROR:device_event_log_impl.cc(214)] [15:37:29.431] USB: usb_device_handle_win.cc:1048 Failed to read descriptor from node connection: A device attached to the system is not functioning. (0x1F)
thg 8 03, 2022 15:37:29.440 [20728:17732:0803/153729.435:ERROR:device_event_log_impl.cc(214)] [15:37:29.434] USB: usb_device_handle_win.cc:1048 Failed to read descriptor from node connection: A device attached to the system is not functioning. (0x1F)
thg 8 03, 2022 15:38:27.182 [20728:21096:0803/153827.181:ERROR:util.cc(127)] Can't create base directory: C:\Program Files\Google\GoogleUpdater

thg 8 16, 2022 19:26:04.115 NEW SESSION
thg 8 16, 2022 19:26:04.115 [17956:23144:0816/192604.111:ERROR:device_event_log_impl.cc(214)] [19:26:04.111] USB: usb_device_handle_win.cc:1048 Failed to read descriptor from node connection: A device attached to the system is not functioning. (0x1F)
thg 8 16, 2022 19:26:04.118 [17956:23144:0816/192604.115:ERROR:device_event_log_impl.cc(214)] [19:26:04.115] USB: usb_device_handle_win.cc:1048 Failed to read descriptor from node connection: A device attached to the system is not functioning. (0x1F)
